commit f02677ce49ea0fe974cdeb33ff94669074af5ec6
Author: Wade Bribach <wadebribach@utexas.edu>
Date:   Thu Apr 4 21:46:34 2019 -0500

    adjust unit tests

commit 2b67fa6112a0cb2d68d5d25b23e90da4643f28d7
Author: Vanessa Alexandra <valexandra@utexas.edu>
Date:   Thu Apr 4 21:36:38 2019 -0500

    Fixed IntegrityError

commit 15b14648c33149659feb6c0e30f3441481d2ec61
Author: Vanessa Alexandra <valexandra@utexas.edu>
Date:   Thu Apr 4 21:35:21 2019 -0500

    Changed database parameters

commit 31db44de46a47088d9206172af8e09d36e10788b
Merge: 87bc41f 0d9251e
Author: Wade Bribach <wadebribach@utexas.edu>
Date:   Thu Apr 4 21:22:52 2019 -0500

    resolve merge conflict

commit 87bc41fd0b3c49ffe96fc24c9a29b37c1545455a
Author: Wade Bribach <wadebribach@utexas.edu>
Date:   Thu Apr 4 21:17:48 2019 -0500

    complete unit tests. fixes #25

commit 0d9251e27ed026488913d58ad08bee65fb9a146d
Author: Michael Gurch <michaelgurch@utexas.edu>
Date:   Thu Apr 4 20:59:17 2019 -0500

    reverted app.yaml to orginal one

commit 350b6a489582400538a5872396ef924756aa16f2
Author: Michael Gurch <michaelgurch@utexas.edu>
Date:   Thu Apr 4 20:45:16 2019 -0500

    updated app.yaml again

commit c2cd6c00756a566dc09609e1a5e763fef6cc1cbb
Author: Michael Gurch <michaelgurch@utexas.edu>
Date:   Thu Apr 4 20:24:37 2019 -0500

    updated app.yaml again

commit 83433081a7e836a5cdae1383b214d073a3d9661d
Author: Michael Gurch <michaelgurch@utexas.edu>
Date:   Thu Apr 4 20:02:58 2019 -0500

    updated requirements.txt

commit a9b79c805d625ef61109bf957435cf1a7555752a
Merge: 4c39d92 4e5222c
Author: Michael Gurch <michaelgurch@utexas.edu>
Date:   Thu Apr 4 20:02:03 2019 -0500

    Merge branch 'dev' of https://gitlab.com/codingking5/cs329e-idb into dev

commit 4e5222ccdc3659882ecb1df8ff3c53c3772ef886
Merge: 82a631c bb8c1bf
Author: Vanessa Alexandra <valexandra@utexas.edu>
Date:   Thu Apr 4 20:02:42 2019 -0500

    Merge branch 'dev' of gitlab.com:codingking5/cs329e-idb into dev

commit 4c39d923f74ffab82f2bb2bb16fbbf6e7e3a604c
Author: Michael Gurch <michaelgurch@utexas.edu>
Date:   Thu Apr 4 20:01:49 2019 -0500

    updated requirements.txt

commit 82a631c61384893833525361aa18c58815d1ee5d
Author: Vanessa Alexandra <valexandra@utexas.edu>
Date:   Thu Apr 4 20:00:03 2019 -0500

    Fixed broken books link & changed model parameter

commit bb8c1bfe629ff15817cd6820a783b076bf903b97
Author: Vanessa Alexandra <valexandra@utexas.edu>
Date:   Thu Apr 4 19:58:36 2019 -0500

    Changed a model parameter

commit 5c0f2c6e9b56ee5f621c3663405daffc36089555
Author: Vanessa Alexandra <valexandra@utexas.edu>
Date:   Thu Apr 4 19:56:19 2019 -0500

    Fixed broken books link

commit f174053ea64aa997a6f20b96122c0634f09601da
Author: Michael Gurch <michaelgurch@utexas.edu>
Date:   Thu Apr 4 19:36:44 2019 -0500

    fixed bug in app.yaml

commit c0527692e63fd6625b90533f4a1c66b8c54c22cc
Merge: fc7192f 5187c64
Author: Michael Gurch <michaelgurch@utexas.edu>
Date:   Thu Apr 4 19:23:27 2019 -0500

    Merge branch 'dev' of https://gitlab.com/codingking5/cs329e-idb into dev

commit fc7192f4c220a8a70fe6bf2745b2730ff397adee
Author: Michael Gurch <michaelgurch@utexas.edu>
Date:   Thu Apr 4 19:23:16 2019 -0500

    fixed typo error

commit 5187c648c9e455474c46bf5266a2bc8a8ab0c8fb
Merge: f5ed642 5469f90
Author: Vanessa Alexandra <valexandra@utexas.edu>
Date:   Thu Apr 4 19:08:31 2019 -0500

    Merge branch 'dev' of gitlab.com:codingking5/cs329e-idb into dev

commit f5ed6420175776a724be3f9612688512031ed700
Author: Vanessa Alexandra <valexandra@utexas.edu>
Date:   Thu Apr 4 19:08:23 2019 -0500

    Centered sorting buttons on the pages & added gitlab-ci.yml

commit 5469f90384a43f4cd90a5653f3184334f718cecd
Author: Michael Gurch <michaelgurch@utexas.edu>
Date:   Thu Apr 4 19:06:44 2019 -0500

    updated the app.yaml to include psql in GCP

commit 0ee14b2c7f0cc01c516c3d552eca13e15e1cbc39
Author: Vanessa Alexandra <valexandra@utexas.edu>
Date:   Thu Apr 4 19:06:29 2019 -0500

    Centered sorting buttons on the pages

commit 758dccc066102e0f3b26b52492aaa68a30f5ebba
Author: Michael Gurch <michaelgurch@utexas.edu>
Date:   Thu Apr 4 18:39:14 2019 -0500

    added sorting functions on authors, books, and publishers

commit ee3ae92ef19ae8767bd1227e0ce91bafc18bc1cc
Author: Vanessa Alexandra <valexandra@utexas.edu>
Date:   Thu Apr 4 10:29:18 2019 -0500

    Fixed broken links on individual publisher pages. Closes #33

commit eefa4311f20128894ea63f1f9789fbe9d5a7d1d7
Author: Vincent Truong <vtruong68@gmail.com>
Date:   Thu Apr 4 01:09:56 2019 -0500

    Added pagination to the publisher page.

commit 392cea9e21ee513e4f1a52381c89e4c1a7c664ac
Merge: b855e9c 8683dac
Author: Vincent Truong <vtruong68@gmail.com>
Date:   Wed Apr 3 23:18:39 2019 -0500

    Merge branch 'dev' of gitlab.com:codingking5/cs329e-idb into dev

commit b855e9c5072b10636e82d0ca99b919660772b77a
Author: Vincent Truong <vtruong68@gmail.com>
Date:   Wed Apr 3 23:17:48 2019 -0500

    Fixed Publishers page order

commit 8683dace6f336ee09ac7edfee1ad81b1b441e7a6
Author: Wade Bribach <wadebribach@utexas.edu>
Date:   Wed Apr 3 22:47:21 2019 -0500

    completed prototyping for the unit tests

commit faff79e3324f949a6deead9197ef318ec6b101de
Merge: 756dfed 663b1a6
Author: Wade Bribach <wadebribach@utexas.edu>
Date:   Wed Apr 3 22:14:35 2019 -0500

    resolve conflict

commit 756dfedd83717d1683422a771209489b17d31dae
Author: Wade Bribach <wadebribach@utexas.edu>
Date:   Wed Apr 3 22:12:24 2019 -0500

    prototyping unit test output

commit 663b1a655eee035a50bac5db35ff944e0aae9eb6
Author: Vanessa Alexandra <valexandra@utexas.edu>
Date:   Wed Apr 3 15:08:57 2019 -0500

    Fixed repeating authors and publishers on webpages. Closes #28.

commit ffaf834a343f70e26bc54d256e62a81ab0671915
Author: Vanessa Alexandra <valexandra@utexas.edu>
Date:   Wed Apr 3 12:11:35 2019 -0500

    Fixed all books, author, and publisher links on authors & publishers pages. Closes #26.

commit 924f32ef34198f7bc4a19619ab369f04a913ce9a
Author: Vincent Truong <vtruong68@gmail.com>
Date:   Wed Apr 3 12:02:43 2019 -0500

    Authors page now displays correct id in URL. Fixes #27.

commit f0408832ccbf9e6b627dc1e491831e43093a8966
Merge: 4be5272 4fcbb79
Author: Vincent Truong <vtruong68@gmail.com>
Date:   Wed Apr 3 11:56:07 2019 -0500

    Merge branch 'dev' of gitlab.com:codingking5/cs329e-idb into dev

commit 4be5272b29db83c49699accf5f5c9333ab2821a1
Author: Vincent Truong <vtruong68@gmail.com>
Date:   Wed Apr 3 11:55:10 2019 -0500

    Updated publishers page to be paginated

commit 4fcbb795b141d32d0ec9f7f45a637b4f5187d88f
Author: Wade Bribach <wadebribach@utexas.edu>
Date:   Wed Apr 3 02:47:18 2019 -0500

    adding .vscode to .gitignore

commit 7aa9607f0d8c411ced0999524c493f22f57405b3
Merge: 1b3c37e e1ff285
Author: Wade Bribach <wadebribach@utexas.edu>
Date:   Wed Apr 3 02:45:00 2019 -0500

    resolve merge conflict

commit e1ff28579e367973e452e423a2a868a91e8ac092
Author: Vincent Truong <vtruong68@gmail.com>
Date:   Wed Apr 3 02:41:06 2019 -0500

    Page no longer displays extra pages of books on first page. Fixes #24.

commit 1b3c37e97d06ebbeaa78c857d29dda803c6ad427
Author: Wade Bribach <wadebribach@utexas.edu>
Date:   Wed Apr 3 02:38:51 2019 -0500

    prototyping unit tests for button on about page

commit b129f451927507faa52c5336aa0a0eb39a98f30e
Author: Vincent Truong <vtruong68@gmail.com>
Date:   Wed Apr 3 02:15:53 2019 -0500

    Book pages now include appropriate ids when referenced

commit 8ff1368bb115301c367c14ea15057590b0a5f0bf
Merge: c8245e3 d0c8716
Author: Vincent Truong <vtruong68@gmail.com>
Date:   Wed Apr 3 02:13:05 2019 -0500

    Merge branch 'dev' of gitlab.com:codingking5/cs329e-idb into dev

commit c8245e3d7fbe0c17ed2955e344ad1d13dfb600fb
Author: Vincent Truong <vtruong68@gmail.com>
Date:   Wed Apr 3 02:11:35 2019 -0500

    Book page now loads the initial page. Fixes #23. Pages now also show which is active

commit d0c8716e68dad07769242d4682109d430c9ee930
Author: Vanessa Alexandra <valexandra@utexas.edu>
Date:   Wed Apr 3 01:45:36 2019 -0500

    Updated book.json file

commit f661fc2822967e375941259d867730fce9eaf881
Author: Vincent Truong <vtruong68@gmail.com>
Date:   Wed Apr 3 01:39:01 2019 -0500

    Fixed pagination

commit e1580aadd531760d334642e6921af84398a2b81a
Author: Vincent Truong <vtruong68@gmail.com>
Date:   Wed Apr 3 01:32:50 2019 -0500

    Pagination now displays up to 3 rows fo books. Fixes #21.

commit b9a0e4a3722afead5724a15381b571528e48c743
Author: Vanessa Alexandra <valexandra@utexas.edu>
Date:   Wed Apr 3 00:24:16 2019 -0500

    Updated all pages to work with Flask

commit c12cffcc9ec7a70f9564531058acadb4f0408fa7
Author: Vincent Truong <vtruong68@gmail.com>
Date:   Tue Apr 2 23:39:22 2019 -0500

    Added pagination to the books page

commit 84013a65a83c6914580166e83886f621eea83ee9
Author: Vanessa Alexandra <valexandra@utexas.edu>
Date:   Tue Apr 2 20:25:23 2019 -0500

    Fixed ImportError in main.py. Fixes #20.

commit 35eef012fccf1347d46bf660428d9288568c2529
Author: Vanessa Alexandra <valexandra@utexas.edu>
Date:   Tue Apr 2 20:20:37 2019 -0500

    Used Flask to render pages for book automatically

commit a7ea9f26b8d734d99d4ec341ada8448b7c7c6b79
Author: Vanessa Alexandra <valexandra@utexas.edu>
Date:   Tue Apr 2 18:55:06 2019 -0500

    Rendered authors, books, publishers page with db

commit e06db7d9f01bb68ba3b9ae743fe658a8fdac0771
Author: Wade Bribach <wadebribach@utexas.edu>
Date:   Tue Apr 2 18:43:40 2019 -0500

    render about page

commit 0d05e41a541369d1fac458cbbb00cef27ebe1a9c
Author: Wade Bribach <wadebribach@utexas.edu>
Date:   Tue Apr 2 15:59:58 2019 -0500

    adding unit test file

commit 612454f1774508d263c485e6c8aee93ad5b8fe04
Author: Michael Gurch <michaelgurch@utexas.edu>
Date:   Mon Apr 1 21:19:22 2019 -0500

    modified models.py and create_db.py

commit 655a4d0412111fa659a23a2bf7f8e97b0656ad31
Merge: 0ea1166 78ce33d
Author: Michael Gurch <michaelgurch@utexas.edu>
Date:   Mon Apr 1 20:44:10 2019 -0500

    updated files

commit 78ce33d4c229d696e3f9467cdaf97a1589cd97a2
Merge: 5dcefb5 d6a082a
Author: Michael Gurch <michaelgurch@utexas.edu>
Date:   Tue Apr 2 01:09:47 2019 +0000

    Merge branch 'master' into 'master'

    Master

    See merge request codingking5/cs329e-idb!1

commit 0ea1166d3ffca94b1544cae9a2f68f6350115725
Merge: 531e077 bda9397
Author: Vanessa Alexandra <valexandra@utexas.edu>
Date:   Mon Apr 1 16:26:46 2019 -0500

    Merge branch 'dev' of gitlab.com:codingking5/cs329e-idb into dev

commit 531e0775b3ad294dffe48f886c81f3c2f847f04d
Author: Vanessa Alexandra <valexandra@utexas.edu>
Date:   Mon Apr 1 16:26:21 2019 -0500

    Created table for books in database

commit d6a082a065e7ed303cc7ab19c38d6295bcf784da
Author: Jorge Caviedes <alecav98@gmail.com>
Date:   Mon Apr 1 15:56:24 2019 -0500

    updated requirements.txt

commit 2fdb9d4a222a11bd69753f794a9272d5cae7ae15
Author: Jorge Caviedes <alecav98@gmail.com>
Date:   Mon Apr 1 15:44:27 2019 -0500

    created db and display

commit bda9397be143d3d5dca133db2f12013e8cc62e96
Author: Wade Bribach <wadebribach@utexas.edu>
Date:   Mon Apr 1 14:02:05 2019 -0500

    fix image scaling in about page

commit 5dcefb5e26cbc7d78c0423a38f4dda8ac9172e20
Author: Jorge Caviedes <alecav98@gmail.com>
Date:   Thu Mar 28 17:41:37 2019 -0500

    deleted file

commit 42d2411fdc984b41bab0309a542f6446da10ec14
Author: Jorge Caviedes <alecav98@gmail.com>
Date:   Thu Mar 28 17:39:36 2019 -0500

    test

commit 8c813320a9da0d5f0f44d218e2771f524a182d52
Author: Vincent Truong <vtruong68@gmail.com>
Date:   Sun Mar 24 15:12:11 2019 -0500

    Updated log file

commit 200ef2e41ffe77a92a08cb96ab8f2ded4ecb884c
Author: Vincent Truong <vtruong68@gmail.com>
Date:   Sun Mar 24 15:08:35 2019 -0500

    Added ability for stats table to automatically total rows and columns.

commit 0acf04064c3ce38e38422a302469593b8268c981
Author: Jorge Caviedes <alecav98@gmail.com>
Date:   Sun Mar 24 14:27:53 2019 -0500

    updating log

commit d1e734376a43db9427326c4b281fbada72d712e7
Author: Jorge Caviedes <alecav98@gmail.com>
Date:   Sun Mar 24 14:23:50 2019 -0500

    Added profile photo in rsc and updated link in about.html

commit 8d568446fbd82dd7e8734763db1beccda0080fba
Author: Vanessa Alexandra <valexandra@utexas.edu>
Date:   Sun Mar 24 01:58:29 2019 -0500

    Formatted cards on About page to be the same height

commit c28bd499b8b04d40efe8349f4d3bdbe8d7449cce
Author: Wade Bribach <wadebribach@utexas.edu>
Date:   Sun Mar 24 00:22:58 2019 -0500

    updating log

commit 014abc047a8c090f8ec4b0f15826073505c12867
Author: Wade Bribach <wadebribach@utexas.edu>
Date:   Sun Mar 24 00:21:56 2019 -0500

    Updating description for Wade

commit 1c525fecd5fd0ae31c4cce4bdce50ae441c94589
Author: Wade Bribach <wadebribach@utexas.edu>
Date:   Sun Mar 24 00:18:52 2019 -0500

    adding the log file

commit 980d635d22f939675400552e0ecd1c6c2db709b9
Author: Wade Bribach <wadebribach@utexas.edu>
Date:   Sun Mar 24 00:04:50 2019 -0500

    Add image for wade and update link in about.html

commit 8940103adaf0ced3389e01807b439fe51c9e8a0e
Author: Vincent Truong <vtruong68@gmail.com>
Date:   Sat Mar 23 22:35:12 2019 -0500

    Updated about page to meet project requirements

commit e727278bd13eeaa84d4ba80440cec41ef2bde0b2
Author: Vincent Truong <vtruong68@gmail.com>
Date:   Sat Mar 23 22:11:33 2019 -0500

    Updated links to footers

commit 6b08c8fce4849a719d0148343f359baea93b64bc
Author: Vincent Truong <vtruong68@gmail.com>
Date:   Sat Mar 23 22:07:54 2019 -0500

    Added terms of use and private policy pages

commit 0bbe94471d8ef99249f8240fcf20fbac04a0174a
Author: Michael Gurch <michaelgurch@utexas.edu>
Date:   Fri Mar 22 15:37:21 2019 -0500

    fixed small typo in requirments.txt

commit 2f60039634c577d9131f86d8cc8ad2c5ccc4e743
Author: Michael Gurch <michaelgurch@utexas.edu>
Date:   Fri Mar 22 15:34:39 2019 -0500

    added a requirements.txt file for GCP deployment

commit 1f61686bbe7bf002d1fd47eebaf01e58f54006c9
Author: Vanessa Alexandra <valexandra@utexas.edu>
Date:   Thu Mar 21 18:02:42 2019 -0500

    Rotated Michael pic and edited nav bar

commit 80f7d70f4c34731199b053d9cd7ea0b77e0f9c5e
Author: Michael Gurch <michaelgurch@utexas.edu>
Date:   Thu Mar 21 14:59:24 2019 -0500

    updated Michael profile pic

commit d690ddc4ef4ce5ec54d2de840716cd22aa94396f
Author: Michael Gurch <michaelgurch@utexas.edu>
Date:   Thu Mar 21 14:13:54 2019 -0500

    added the app.yaml file for GCP deployment

commit d480ee72b19b8ef1bfe4525db730276740eda228
Author: Vanessa Alexandra <valexandra@utexas.edu>
Date:   Thu Mar 21 02:01:02 2019 -0500

    Added photos to profiles on about page.

commit 2502580d42ccc6d7283a7024b5e73ef75feeba74
Author: Jorge Caviedes <alecav98@gmail.com>
Date:   Wed Mar 20 19:53:09 2019 -0500

    Updated profile in about page

commit ed503a80616810999c5e8e451fca41ffe564de98
Merge: 42533fc f366bcb
Author: Michael Gurch <michaelgurch@utexas.edu>
Date:   Wed Mar 20 13:59:26 2019 -0500

    Merge branch 'dev' of https://gitlab.com/codingking5/cs329e-idb into dev

commit 42533fcbaec4411fe773d36dac6d9e4e987835da
Author: Michael Gurch <michaelgurch@utexas.edu>
Date:   Wed Mar 20 13:58:51 2019 -0500

    added profile description in about.html

commit f366bcb151b5e8d792fb6a7f1927ae6a147c57e8
Author: Vanessa Alexandra <valexandra@utexas.edu>
Date:   Tue Mar 19 23:37:01 2019 -0500

    Linked all books, authors, and publisher pages to each other. Fixes #14.

commit 0e3705af37a84810fc3ff1928bfe8d009bbb6009
Author: Jorge Caviedes <alecav98@gmail.com>
Date:   Tue Mar 19 14:48:28 2019 -0500

    Added routes for all the links in every page

commit c3fc2f6a93f6b1f1548907ec9dae7515ea5ec9b0
Author: Vanessa Alexandra <valexandra@utexas.edu>
Date:   Mon Mar 18 21:27:19 2019 -0500

    Made pages for 2 more books, authors, and publishers. Fixes #11.

commit d0f181f9839eba4ecd86b61bf71e3d4b1b4a77a2
Author: Vincent Truong <vtruong68@gmail.com>
Date:   Mon Mar 18 01:45:37 2019 -0500

    Fixed javascript in footer. Now produces date. Fixes #10.

commit dcc4541d88bbf5da45c1c37dd4e6cfa1df114aa1
Author: Vincent Truong <vtruong68@gmail.com>
Date:   Mon Mar 18 01:38:55 2019 -0500

    Uncommented new html pages from main.py. Fixes #9.

commit 576769d9da5cf42a50d118f8285147e5db78d7ac
Author: Vincent Truong <vtruong68@gmail.com>
Date:   Mon Mar 18 01:06:24 2019 -0500

    added content and images to the home page

commit c0824d661e53c219000f5f0be0035a91a3cf0c0c
Author: Wade Bribach <wadebribach@utexas.edu>
Date:   Sun Mar 17 20:22:05 2019 -0500

    create a .gitignore file

commit 68c846ca3565b5baa674802179d4e2342107f140
Author: Vanessa Alexandra <valexandra@utexas.edu>
Date:   Sun Mar 17 17:57:17 2019 -0500

    Fixed carousel. Closes #5

commit 1d565775ac078b8b963061330d98bfd5b8ed0907
Author: Vanessa Alexandra <valexandra@utexas.edu>
Date:   Sun Mar 17 17:43:44 2019 -0500

    Fixed paths for Flask and reorganized folders

commit 223a1299e569faad35d863be4b8b369eddfab407
Author: Vanessa Alexandra <valexandra@utexas.edu>
Date:   Sun Mar 17 15:52:32 2019 -0500

    updated paths for Flask

commit 47cf9f3ab1269a707e5f75f7c09ba20e55da852d
Author: Vanessa Alexandra <valexandra@utexas.edu>
Date:   Sun Mar 17 15:38:44 2019 -0500

    Added stats table to About page & updated main.py

commit 0c65a5f781dbc399a494770f2e6580880a79e69a
Author: Vanessa Alexandra <valexandra@utexas.edu>
Date:   Sat Mar 16 20:59:16 2019 -0500

    Created About page

commit fb0912118f1a28749fdc3374428c42a0b054fcbf
Author: Vanessa Alexandra <valexandra@utexas.edu>
Date:   Sat Mar 16 20:16:41 2019 -0500

    created basic books, authors, and publishers pages

commit f69ed91e41a3bcc6a35e7b0dbaf2123b7cb9272c
Author: Vanessa Alexandra <valexandra@utexas.edu>
Date:   Sat Mar 16 19:38:49 2019 -0500

    changed href to be compatible with Flask

commit 5087828b0c587b7ca52ae06682beea294ab97a70
Author: Vanessa Alexandra <valexandra@utexas.edu>
Date:   Sat Mar 16 19:37:45 2019 -0500

    changed href to be compatible with Flask

commit 63204bb390ee959f0711691ee63445831a1a4393
Author: Vanessa Alexandra <valexandra@utexas.edu>
Date:   Sat Mar 16 19:34:00 2019 -0500

    added pages for 1 book, author, and publisher

commit 1385c00ed69854f7d1548bcc4aabf78505965b73
Author: Michael Gurch <michaelgurch@utexas.edu>
Date:   Sat Mar 16 18:42:45 2019 -0500

    added additonal app routes for html files

commit 84df1aa8cc27ffc1315b03f99eb054c0e0d263d2
Author: Jorge Caviedes <alecav98@gmail.com>
Date:   Sat Mar 16 18:23:59 2019 -0500

    Added routes to main.py

commit 83a199afdbb01859773b12f212db52f1c4e797ab
Author: Vincent Truong <vtruong68@gmail.com>
Date:   Sat Mar 16 01:05:01 2019 -0500

    fixed edge of image

commit 83c4728c850ba3bd8bb82585718793f05a0374fe
Author: Vincent Truong <vtruong68@gmail.com>
Date:   Sat Mar 16 01:02:18 2019 -0500

    updated images for text to be readable

commit 32cbd6d20b2b06944624f596c21674722c95391c
Author: Vincent Truong <vtruong68@gmail.com>
Date:   Sat Mar 16 00:39:41 2019 -0500

    initial concept

commit 7caa4565fdbe1527ebcf2ae889c66abe4599120f
Author: Michael Gurch <michaelgurch@utexas.edu>
Date:   Thu Mar 14 22:11:32 2019 +0000

    Initial commit
